<?xml version="1.0" encoding="UTF-8"?>
<!-- Generated by org.testng.reporters.JUnitReportReporter -->
<testsuite hostname="Syeda_Nasrin" failures="0" tests="6" name="com.testRun1.GetFunction1" time="0.405" errors="0" timestamp="2024-01-29T00:48:54 EST" skipped="0">
  <testcase classname="com.testRun1.GetFunction1" name="test1" time="0.010"/>
  <system-out/>
  <testcase classname="com.testRun1.GetFunction1" name="test2" time="0.002"/>
  <system-out/>
  <testcase classname="com.testRun1.GetFunction1" name="test3" time="0.001"/>
  <system-out/>
  <testcase classname="com.testRun1.GetFunction1" name="test4" time="0.015"/>
  <system-out/>
  <testcase classname="com.testRun1.GetFunction1" name="test5" time="0.008"/>
  <system-out/>
  <testcase classname="com.testRun1.GetFunction1" name="test6" time="0.369"/>
  <system-out/>
</testsuite> <!-- com.testRun1.GetFunction1 -->
