<?xml version="1.0" encoding="UTF-8"?>
<!-- Generated by org.testng.reporters.JUnitReportReporter -->
<testsuite hostname="Syeda_Nasrin" failures="0" tests="8" name="com.terstRun.PostFunction" time="0.424" errors="0" timestamp="2024-02-01T21:22:10 EST" skipped="0">
  <testcase classname="com.terstRun.PostFunction" name="test1" time="0.008"/>
  <system-out/>
  <testcase classname="com.terstRun.PostFunction" name="test2" time="0.002"/>
  <system-out/>
  <testcase classname="com.terstRun.PostFunction" name="test3" time="0.000"/>
  <system-out/>
  <testcase classname="com.terstRun.PostFunction" name="test4" time="0.008"/>
  <system-out/>
  <testcase classname="com.terstRun.PostFunction" name="test5" time="0.001"/>
  <system-out/>
  <testcase classname="com.terstRun.PostFunction" name="test6" time="0.002"/>
  <system-out/>
  <testcase classname="com.terstRun.PostFunction" name="test7" time="0.385"/>
  <system-out/>
  <testcase classname="com.terstRun.PostFunction" name="test8" time="0.018"/>
  <system-out/>
</testsuite> <!-- com.terstRun.PostFunction -->
