<?xml version="1.0" encoding="UTF-8"?>
<!-- Generated by org.testng.reporters.JUnitReportReporter -->
<testsuite hostname="Syeda_Nasrin" failures="0" tests="8" name="com.terstRun.SetFunction" time="0.932" errors="0" timestamp="2024-01-28T14:54:21 EST" skipped="0">
  <testcase classname="com.terstRun.SetFunction" name="test1" time="0.009"/>
  <system-out/>
  <testcase classname="com.terstRun.SetFunction" name="test2" time="0.003"/>
  <system-out/>
  <testcase classname="com.terstRun.SetFunction" name="test3" time="0.000"/>
  <system-out/>
  <testcase classname="com.terstRun.SetFunction" name="test4" time="0.016"/>
  <system-out/>
  <testcase classname="com.terstRun.SetFunction" name="test5" time="0.001"/>
  <system-out/>
  <testcase classname="com.terstRun.SetFunction" name="test6" time="0.002"/>
  <system-out/>
  <testcase classname="com.terstRun.SetFunction" name="test7" time="0.856"/>
  <system-out/>
  <testcase classname="com.terstRun.SetFunction" name="test8" time="0.045"/>
  <system-out/>
</testsuite> <!-- com.terstRun.SetFunction -->
