<?xml version="1.0" encoding="UTF-8"?>
<!-- Generated by org.testng.reporters.JUnitReportReporter -->
<testsuite hostname="Syeda_Nasrin" failures="0" tests="3" name="com.testRun1.DeleteFunction1" time="0.028" errors="0" timestamp="2024-01-29T01:27:36 EST" skipped="0">
  <testcase classname="com.testRun1.DeleteFunction1" name="test1" time="0.011"/>
  <system-out/>
  <testcase classname="com.testRun1.DeleteFunction1" name="test2" time="0.002"/>
  <system-out/>
  <testcase classname="com.testRun1.DeleteFunction1" name="test3" time="0.015"/>
  <system-out/>
</testsuite> <!-- com.testRun1.DeleteFunction1 -->
